2024.11.07 15:59:50 INFO  Started: Metals version 1.4.0 in folders 'C:\Users\dima-\OneDrive\Desktop\Функциональное и логическое программирование\lab1\hello-world' for client Visual Studio Code 1.94.2.
2024.11.07 15:59:51 WARN  Flyway upgrade recommended: H2 2.3.232 is newer than this version of Flyway and support has not been tested. The latest supported version of H2 is 2.2.224.
2024.11.07 15:59:52 INFO  no build target found for C:\Users\dima-\OneDrive\Desktop\Функциональное и логическое программирование\lab1\hello-world\build.sbt. Using presentation compiler with project's scala-library version: 3.3.4
2024.11.07 15:59:53 WARN  Could not find semantic tokens for: file:///C:/Users/dima-/OneDrive/Desktop/Функциональное%20и%20логическое%20программирование/lab1/hello-world/build.sbt
2024.11.07 15:59:53 INFO  no build target found for C:\Users\dima-\OneDrive\Desktop\Функциональное и логическое программирование\lab1\hello-world\build.sbt. Using presentation compiler with project's scala-library version: 3.3.4
2024.11.07 15:59:53 INFO  no build target found for C:\Users\dima-\OneDrive\Desktop\Функциональное и логическое программирование\lab1\hello-world\build.sbt. Using presentation compiler with project's scala-library version: 3.3.4
2024.11.07 15:59:53 INFO  no build target found for C:\Users\dima-\OneDrive\Desktop\Функциональное и логическое программирование\lab1\hello-world\build.sbt. Using presentation compiler with project's scala-library version: 3.3.4
2024.11.07 15:59:53 INFO  no build target found for C:\Users\dima-\OneDrive\Desktop\Функциональное и логическое программирование\lab1\hello-world\build.sbt. Using presentation compiler with project's scala-library version: 3.3.4
2024.11.07 15:59:53 INFO  no build target found for C:\Users\dima-\OneDrive\Desktop\Функциональное и логическое программирование\lab1\hello-world\build.sbt. Using presentation compiler with project's scala-library version: 3.3.4
2024.11.07 15:59:54 INFO  no build target found for C:\Users\dima-\OneDrive\Desktop\Функциональное и логическое программирование\lab1\hello-world\build.sbt. Using presentation compiler with project's scala-library version: 3.3.4
2024.11.07 15:59:54 INFO  no build target found for C:\Users\dima-\OneDrive\Desktop\Функциональное и логическое программирование\lab1\hello-world\build.sbt. Using presentation compiler with project's scala-library version: 3.3.4
2024.11.07 15:59:54 INFO  no build target found for C:\Users\dima-\OneDrive\Desktop\Функциональное и логическое программирование\lab1\hello-world\build.sbt. Using presentation compiler with project's scala-library version: 3.3.4
2024.11.07 15:59:54 INFO  no build target found for C:\Users\dima-\OneDrive\Desktop\Функциональное и логическое программирование\lab1\hello-world\build.sbt. Using presentation compiler with project's scala-library version: 3.3.4
2024.11.07 15:59:54 INFO  no build target found for C:\Users\dima-\OneDrive\Desktop\Функциональное и логическое программирование\lab1\hello-world\build.sbt. Using presentation compiler with project's scala-library version: 3.3.4
2024.11.07 15:59:55 INFO  no build target found for C:\Users\dima-\OneDrive\Desktop\Функциональное и логическое программирование\lab1\hello-world\build.sbt. Using presentation compiler with project's scala-library version: 3.3.4
2024.11.07 15:59:55 WARN  Could not find semantic tokens for: file:///C:/Users/dima-/OneDrive/Desktop/Функциональное%20и%20логическое%20программирование/lab1/hello-world/build.sbt
2024.11.07 15:59:55 INFO  no build target found for C:\Users\dima-\OneDrive\Desktop\Функциональное и логическое программирование\lab1\hello-world\build.sbt. Using presentation compiler with project's scala-library version: 3.3.4
2024.11.07 15:59:55 INFO  no build target found for C:\Users\dima-\OneDrive\Desktop\Функциональное и логическое программирование\lab1\hello-world\build.sbt. Using presentation compiler with project's scala-library version: 3.3.4
2024.11.07 15:59:55 INFO  no build target found for C:\Users\dima-\OneDrive\Desktop\Функциональное и логическое программирование\lab1\hello-world\build.sbt. Using presentation compiler with project's scala-library version: 3.3.4
2024.11.07 15:59:55 WARN  Could not find semantic tokens for: file:///C:/Users/dima-/OneDrive/Desktop/Функциональное%20и%20логическое%20программирование/lab1/hello-world/build.sbt
2024.11.07 15:59:55 INFO  no build target found for C:\Users\dima-\OneDrive\Desktop\Функциональное и логическое программирование\lab1\hello-world\build.sbt. Using presentation compiler with project's scala-library version: 3.3.4
2024.11.07 15:59:56 INFO  no build target found for C:\Users\dima-\OneDrive\Desktop\Функциональное и логическое программирование\lab1\hello-world\build.sbt. Using presentation compiler with project's scala-library version: 3.3.4
2024.11.07 15:59:56 INFO  no build target found for C:\Users\dima-\OneDrive\Desktop\Функциональное и логическое программирование\lab1\hello-world\build.sbt. Using presentation compiler with project's scala-library version: 3.3.4
2024.11.07 15:59:56 INFO  no build target found for C:\Users\dima-\OneDrive\Desktop\Функциональное и логическое программирование\lab1\hello-world\build.sbt. Using presentation compiler with project's scala-library version: 3.3.4
2024.11.07 15:59:57 INFO  no build target found for C:\Users\dima-\OneDrive\Desktop\Функциональное и логическое программирование\lab1\hello-world\build.sbt. Using presentation compiler with project's scala-library version: 3.3.4
2024.11.07 15:59:57 WARN  Could not find semantic tokens for: file:///C:/Users/dima-/OneDrive/Desktop/Функциональное%20и%20логическое%20программирование/lab1/hello-world/build.sbt
2024.11.07 15:59:56 INFO  no build target found for C:\Users\dima-\OneDrive\Desktop\Функциональное и логическое программирование\lab1\hello-world\build.sbt. Using presentation compiler with project's scala-library version: 3.3.4
2024.11.07 15:59:56 INFO  no build target found for C:\Users\dima-\OneDrive\Desktop\Функциональное и логическое программирование\lab1\hello-world\build.sbt. Using presentation compiler with project's scala-library version: 3.3.4
2024.11.07 15:59:58 INFO  no build target found for C:\Users\dima-\OneDrive\Desktop\Функциональное и логическое программирование\lab1\hello-world\build.sbt. Using presentation compiler with project's scala-library version: 3.3.4
2024.11.07 15:59:58 INFO  no build target found for C:\Users\dima-\OneDrive\Desktop\Функциональное и логическое программирование\lab1\hello-world\build.sbt. Using presentation compiler with project's scala-library version: 3.3.4
2024.11.07 15:59:58 WARN  Could not find semantic tokens for: file:///C:/Users/dima-/OneDrive/Desktop/Функциональное%20и%20логическое%20программирование/lab1/hello-world/build.sbt
2024.11.07 15:59:58 INFO  no build target found for C:\Users\dima-\OneDrive\Desktop\Функциональное и логическое программирование\lab1\hello-world\build.sbt. Using presentation compiler with project's scala-library version: 3.3.4
2024.11.07 15:59:58 INFO  no build target found for C:\Users\dima-\OneDrive\Desktop\Функциональное и логическое программирование\lab1\hello-world\build.sbt. Using presentation compiler with project's scala-library version: 3.3.4
2024.11.07 15:59:58 INFO  no build target found for C:\Users\dima-\OneDrive\Desktop\Функциональное и логическое программирование\lab1\hello-world\build.sbt. Using presentation compiler with project's scala-library version: 3.3.4
2024.11.07 15:59:58 WARN  Could not find semantic tokens for: file:///C:/Users/dima-/OneDrive/Desktop/Функциональное%20и%20логическое%20программирование/lab1/hello-world/build.sbt
2024.11.07 15:59:58 INFO  no build target found for C:\Users\dima-\OneDrive\Desktop\Функциональное и логическое программирование\lab1\hello-world\build.sbt. Using presentation compiler with project's scala-library version: 3.3.4
2024.11.07 15:59:58 INFO  no build target found for C:\Users\dima-\OneDrive\Desktop\Функциональное и логическое программирование\lab1\hello-world\build.sbt. Using presentation compiler with project's scala-library version: 3.3.4
2024.11.07 15:59:58 INFO  no build target found for C:\Users\dima-\OneDrive\Desktop\Функциональное и логическое программирование\lab1\hello-world\build.sbt. Using presentation compiler with project's scala-library version: 3.3.4
2024.11.07 15:59:58 INFO  no build target found for C:\Users\dima-\OneDrive\Desktop\Функциональное и логическое программирование\lab1\hello-world\build.sbt. Using presentation compiler with project's scala-library version: 3.3.4
2024.11.07 15:59:59 INFO  no build target found for C:\Users\dima-\OneDrive\Desktop\Функциональное и логическое программирование\lab1\hello-world\build.sbt. Using presentation compiler with project's scala-library version: 3.3.4
2024.11.07 15:59:59 WARN  Could not find semantic tokens for: file:///C:/Users/dima-/OneDrive/Desktop/Функциональное%20и%20логическое%20программирование/lab1/hello-world/build.sbt
2024.11.07 15:59:59 INFO  no build target found for C:\Users\dima-\OneDrive\Desktop\Функциональное и логическое программирование\lab1\hello-world\build.sbt. Using presentation compiler with project's scala-library version: 3.3.4
2024.11.07 16:00:01 INFO  no build target found for C:\Users\dima-\OneDrive\Desktop\Функциональное и логическое программирование\lab1\hello-world\build.sbt. Using presentation compiler with project's scala-library version: 3.3.4
2024.11.07 16:00:01 INFO  no build target found for C:\Users\dima-\OneDrive\Desktop\Функциональное и логическое программирование\lab1\hello-world\build.sbt. Using presentation compiler with project's scala-library version: 3.3.4
2024.11.07 16:00:01 INFO  no build target found for C:\Users\dima-\OneDrive\Desktop\Функциональное и логическое программирование\lab1\hello-world\build.sbt. Using presentation compiler with project's scala-library version: 3.3.4
2024.11.07 16:00:01 INFO  no build target found for C:\Users\dima-\OneDrive\Desktop\Функциональное и логическое программирование\lab1\hello-world\build.sbt. Using presentation compiler with project's scala-library version: 3.3.4
2024.11.07 16:00:01 WARN  no build target for: C:\Users\dima-\OneDrive\Desktop\Функциональное и логическое программирование\lab1\hello-world\build.sbt
2024.11.07 16:00:01 INFO  no build target found for C:\Users\dima-\OneDrive\Desktop\Функциональное и логическое программирование\lab1\hello-world\build.sbt. Using presentation compiler with project's scala-library version: 3.3.4
2024.11.07 16:00:01 WARN  Could not find semantic tokens for: file:///C:/Users/dima-/OneDrive/Desktop/Функциональное%20и%20логическое%20программирование/lab1/hello-world/build.sbt
2024.11.07 16:00:02 INFO  no build target found for C:\Users\dima-\OneDrive\Desktop\Функциональное и логическое программирование\lab1\hello-world\build.sbt. Using presentation compiler with project's scala-library version: 3.3.4
2024.11.07 16:00:04 INFO  running 'C:\Users\dima-\AppData\Local\Coursier\cache\arc\https\github.com\adoptium\temurin17-binaries\releases\download\jdk-17%252B35\OpenJDK17-jdk_x64_windows_hotspot_17_35.zip\jdk-17+35\bin\java.exe -Djline.terminal=jline.UnsupportedTerminal -Dsbt.log.noformat=true -Dfile.encoding=UTF-8 -jar C:\Users\dima-\AppData\Local\Temp\metals11200961056010614648\sbt-launch.jar -Dbloop.export-jar-classifiers=sources bloopInstall'
2024.11.07 16:00:04 ERROR [info] [launcher] getting org.scala-sbt sbt 1.10.5  (this may take some time)...
2024.11.07 16:00:07 INFO  no build target found for C:\Users\dima-\OneDrive\Desktop\Функциональное и логическое программирование\lab1\hello-world\build.sbt. Using presentation compiler with project's scala-library version: 3.3.4
2024.11.07 16:00:07 INFO  no build target found for C:\Users\dima-\OneDrive\Desktop\Функциональное и логическое программирование\lab1\hello-world\build.sbt. Using presentation compiler with project's scala-library version: 3.3.4
2024.11.07 16:00:07 WARN  Could not find semantic tokens for: file:///C:/Users/dima-/OneDrive/Desktop/Функциональное%20и%20логическое%20программирование/lab1/hello-world/build.sbt
2024.11.07 16:00:07 INFO  no build target found for C:\Users\dima-\OneDrive\Desktop\Функциональное и логическое программирование\lab1\hello-world\build.sbt. Using presentation compiler with project's scala-library version: 3.3.4
2024.11.07 16:00:09 INFO  no build target found for C:\Users\dima-\OneDrive\Desktop\Функциональное и логическое программирование\lab1\hello-world\build.sbt. Using presentation compiler with project's scala-library version: 3.3.4
2024.11.07 16:00:12 ERROR [info] [launcher] getting Scala 2.12.20 (for sbt)...
2024.11.07 16:00:13 INFO  no build target found for C:\Users\dima-\OneDrive\Desktop\Функциональное и логическое программирование\lab1\hello-world\src\main\scala\Main.scala. Using presentation compiler with project's scala-library version: 3.3.4
2024.11.07 16:00:13 INFO  no build target found for C:\Users\dima-\OneDrive\Desktop\Функциональное и логическое программирование\lab1\hello-world\src\main\scala\Main.scala. Using presentation compiler with project's scala-library version: 3.3.4
2024.11.07 16:00:14 INFO  [info] welcome to sbt 1.10.5 (Eclipse Adoptium Java 17)
2024.11.07 16:00:15 INFO  no build target found for C:\Users\dima-\OneDrive\Desktop\Функциональное и логическое программирование\lab1\hello-world\src\main\scala\Main.scala. Using presentation compiler with project's scala-library version: 3.3.4
2024.11.07 16:00:16 INFO  [info] loading settings for project hello-world-build-build from metals.sbt ...
2024.11.07 16:00:16 INFO  [info] loading project definition from C:\Users\dima-\OneDrive\Desktop\Р¤СѓРЅРєС†РёРѕРЅР°Р»СЊРЅРѕРµ Рё Р»РѕРіРёС‡РµСЃРєРѕРµ РїСЂРѕРіСЂР°РјРјРёСЂРѕРІР°РЅРёРµ\lab1\hello-world\project\project
2024.11.07 16:00:18 INFO  [info] loading settings for project hello-world-build from metals.sbt ...
2024.11.07 16:00:18 INFO  [info] loading project definition from C:\Users\dima-\OneDrive\Desktop\Р¤СѓРЅРєС†РёРѕРЅР°Р»СЊРЅРѕРµ Рё Р»РѕРіРёС‡РµСЃРєРѕРµ РїСЂРѕРіСЂР°РјРјРёСЂРѕРІР°РЅРёРµ\lab1\hello-world\project
2024.11.07 16:00:22 INFO  [success] Generated .bloop\hello-world-build.json
2024.11.07 16:00:22 INFO  [success] Total time: 4 s, completed 7 РЅРѕСЏР±. 2024 Рі., 16:00:22
2024.11.07 16:00:23 INFO  [info] loading settings for project hello-world from build.sbt ...
2024.11.07 16:00:23 WARN  no build target for: C:\Users\dima-\OneDrive\Desktop\Функциональное и логическое программирование\lab1\hello-world\src\main\scala\Main.scala
2024.11.07 16:00:23 INFO  no build target found for C:\Users\dima-\OneDrive\Desktop\Функциональное и логическое программирование\lab1\hello-world\src\main\scala\Main.scala. Using presentation compiler with project's scala-library version: 3.3.4
2024.11.07 16:00:23 INFO  [info] set current project to hello-world (in build file:/C:/Users/dima-/OneDrive/Desktop/Р¤СѓРЅРєС†РёРѕРЅР°Р»СЊРЅРѕРµ%20Рё%20Р»РѕРіРёС‡РµСЃРєРѕРµ%20РїСЂРѕРіСЂР°РјРјРёСЂРѕРІР°РЅРёРµ/lab1/hello-world/)
2024.11.07 16:00:28 INFO  [success] Generated .bloop\hello-world-test.json
2024.11.07 16:00:28 INFO  [success] Generated .bloop\hello-world.json
2024.11.07 16:00:28 INFO  [success] Total time: 5 s, completed 7 РЅРѕСЏР±. 2024 Рі., 16:00:28
2024.11.07 16:00:28 INFO  time: ran 'sbt bloopInstall' in 24s
2024.11.07 16:00:28 INFO  Attempting to connect to the build server...
2024.11.07 16:00:28 INFO  Found a Bloop server running
2024.11.07 16:00:29 INFO  tracing is disabled for protocol BSP, to enable tracing of incoming and outgoing JSON messages create an empty file at C:\Users\dima-\OneDrive\Desktop\Функциональное и логическое программирование\lab1\hello-world\.metals\bsp.trace.json or C:\Users\dima-\AppData\Local\scalameta\metals\cache\bsp.trace.json
2024.11.07 16:00:29 INFO  Attempting to connect to the build server...
2024.11.07 16:00:29 INFO  Found a Bloop server running
2024.11.07 16:00:29 INFO  tracing is disabled for protocol BSP, to enable tracing of incoming and outgoing JSON messages create an empty file at C:\Users\dima-\OneDrive\Desktop\Функциональное и логическое программирование\lab1\hello-world\project\.metals\bsp.trace.json or C:\Users\dima-\AppData\Local\scalameta\metals\cache\bsp.trace.json
2024.11.07 16:00:32 INFO  time: Connected to build server in 3.72s
2024.11.07 16:00:32 INFO  Connected to Build server: Bloop v2.0.3
2024.11.07 16:00:32 INFO  running doctor check
2024.11.07 16:00:32 INFO  java targets: hello-world, hello-world-build, hello-world-test
2024.11.07 16:00:39 WARN  Flyway upgrade recommended: H2 2.3.232 is newer than this version of Flyway and support has not been tested. The latest supported version of H2 is 2.2.224.
2024.11.07 16:00:41 INFO  Disconnecting from Bloop session...
2024.11.07 16:00:41 INFO  Shut down connection with build server.
2024.11.07 16:00:41 INFO  Shut down connection with build server.
2024.11.07 16:00:41 INFO  Attempting to connect to the build server...
2024.11.07 16:00:41 INFO  No running Bloop server found, starting one.
2024.11.07 16:00:42 INFO  Starting compilation server
2024.11.07 16:00:44 INFO  tracing is disabled for protocol BSP, to enable tracing of incoming and outgoing JSON messages create an empty file at C:\Users\dima-\OneDrive\Desktop\Функциональное и логическое программирование\lab1\hello-world\.metals\bsp.trace.json or C:\Users\dima-\AppData\Local\scalameta\metals\cache\bsp.trace.json
2024.11.07 16:00:44 INFO  Attempting to connect to the build server...
2024.11.07 16:00:44 INFO  Found a Bloop server running
2024.11.07 16:00:44 INFO  Attempting to connect to the build server...
2024.11.07 16:00:44 INFO  Found a Bloop server running
2024.11.07 16:00:44 INFO  tracing is disabled for protocol BSP, to enable tracing of incoming and outgoing JSON messages create an empty file at C:\Users\dima-\OneDrive\Desktop\Функциональное и логическое программирование\lab1\hello-world\project\.metals\bsp.trace.json or C:\Users\dima-\AppData\Local\scalameta\metals\cache\bsp.trace.json
2024.11.07 16:00:44 INFO  time: Connected to build server in 3.39s
2024.11.07 16:00:44 INFO  Connected to Build server: Bloop v2.0.3
2024.11.07 16:00:45 INFO  time: Imported build in 0.15s
2024.11.07 16:00:44 INFO  tracing is disabled for protocol BSP, to enable tracing of incoming and outgoing JSON messages create an empty file at C:\Users\dima-\OneDrive\Desktop\Функциональное и логическое программирование\lab1\hello-world\.metals\bsp.trace.json or C:\Users\dima-\AppData\Local\scalameta\metals\cache\bsp.trace.json
2024.11.07 16:00:45 INFO  running doctor check
2024.11.07 16:00:45 INFO  java targets: hello-world, hello-world-build, hello-world-test
2024.11.07 16:00:44 INFO  Attempting to connect to the build server...
2024.11.07 16:00:44 INFO  Found a Bloop server running
2024.11.07 16:00:45 INFO  tracing is disabled for protocol BSP, to enable tracing of incoming and outgoing JSON messages create an empty file at C:\Users\dima-\OneDrive\Desktop\Функциональное и логическое программирование\lab1\hello-world\project\.metals\bsp.trace.json or C:\Users\dima-\AppData\Local\scalameta\metals\cache\bsp.trace.json
2024.11.07 16:00:44 INFO  time: Connected to build server in 1.14s
2024.11.07 16:00:44 INFO  Connected to Build server: Bloop v2.0.3
2024.11.07 16:00:44 INFO  running doctor check
2024.11.07 16:00:44 INFO  java targets: hello-world, hello-world-build, hello-world-test
2024.11.07 16:00:46 INFO  Disconnecting from Bloop session...
2024.11.07 16:00:46 INFO  Shut down connection with build server.
2024.11.07 16:00:46 INFO  Shut down connection with build server.
2024.11.07 16:00:46 ERROR Bloop 'bsp' command exited with code 1. Something may be wrong with the current configuration.
Running the [1mclean[0m sub-command to clear the working directory and remove caches might help.
If the error persists, please report the issue as a bug and attach a log with increased verbosity by passing [1m-v -v -v[0m.
2024.11.07 16:00:46 INFO  [0m[31m[E][0m Caught java.lang.InterruptedException
2024.11.07 16:00:46 INFO  [0m[31m[E][0m Caught java.lang.InterruptedException
2024.11.07 16:00:46 ERROR Bloop 'bsp' command exited with code 1. Something may be wrong with the current configuration.
Running the [1mclean[0m sub-command to clear the working directory and remove caches might help.
If the error persists, please report the issue as a bug and attach a log with increased verbosity by passing [1m-v -v -v[0m.
2024.11.07 16:00:46 ERROR Bloop 'bsp' command exited with code 1. Something may be wrong with the current configuration.
Running the [1mclean[0m sub-command to clear the working directory and remove caches might help.
If the error persists, please report the issue as a bug and attach a log with increased verbosity by passing [1m-v -v -v[0m.
2024.11.07 16:00:46 INFO  No running Bloop server found, starting one.
2024.11.07 16:00:46 INFO  No running Bloop server found, starting one.
2024.11.07 16:00:46 INFO  Attempting to connect to the build server...
2024.11.07 16:00:46 INFO  No running Bloop server found, starting one.
2024.11.07 16:00:46 INFO  Attempting to connect to the build server...
2024.11.07 16:00:46 INFO  No running Bloop server found, starting one.
2024.11.07 16:00:47 INFO  Starting compilation server
2024.11.07 16:00:47 INFO  Starting compilation server
2024.11.07 16:00:48 INFO  Starting compilation server
2024.11.07 16:00:48 INFO  Starting compilation server
2024.11.07 16:00:49 INFO  [0m[31m[E][0m Caught java.net.BindException: Address already in use: bind
2024.11.07 16:00:49 INFO  [0m[31m[E][0m Caught java.net.BindException: Address already in use: bind
2024.11.07 16:00:49 ERROR Bloop 'bsp' command exited with code 1. Something may be wrong with the current configuration.
Running the [1mclean[0m sub-command to clear the working directory and remove caches might help.
If the error persists, please report the issue as a bug and attach a log with increased verbosity by passing [1m-v -v -v[0m.
2024.11.07 16:00:49 ERROR Bloop 'bsp' command exited with code 1. Something may be wrong with the current configuration.
Running the [1mclean[0m sub-command to clear the working directory and remove caches might help.
If the error persists, please report the issue as a bug and attach a log with increased verbosity by passing [1m-v -v -v[0m.
2024.11.07 16:00:49 INFO  time: indexed workspace in 4.62s
2024.11.07 16:00:50 INFO  time: indexed workspace in 17s
2024.11.07 16:00:50 INFO  time: indexed workspace in 4.29s
2024.11.07 16:00:50 INFO  no build target found for C:\Users\dima-\OneDrive\Desktop\Функциональное и логическое программирование\lab1\hello-world\build.sbt. Using presentation compiler with project's scala-library version: 3.3.4
2024.11.07 16:00:50 INFO  tracing is disabled for protocol BSP, to enable tracing of incoming and outgoing JSON messages create an empty file at C:\Users\dima-\OneDrive\Desktop\Функциональное и логическое программирование\lab1\hello-world\.metals\bsp.trace.json or C:\Users\dima-\AppData\Local\scalameta\metals\cache\bsp.trace.json
2024.11.07 16:00:50 INFO  tracing is disabled for protocol BSP, to enable tracing of incoming and outgoing JSON messages create an empty file at C:\Users\dima-\OneDrive\Desktop\Функциональное и логическое программирование\lab1\hello-world\.metals\bsp.trace.json or C:\Users\dima-\AppData\Local\scalameta\metals\cache\bsp.trace.json
2024.11.07 16:00:50 INFO  tracing is disabled for protocol BSP, to enable tracing of incoming and outgoing JSON messages create an empty file at C:\Users\dima-\OneDrive\Desktop\Функциональное и логическое программирование\lab1\hello-world\.metals\bsp.trace.json or C:\Users\dima-\AppData\Local\scalameta\metals\cache\bsp.trace.json
2024.11.07 16:00:50 INFO  tracing is disabled for protocol BSP, to enable tracing of incoming and outgoing JSON messages create an empty file at C:\Users\dima-\OneDrive\Desktop\Функциональное и логическое программирование\lab1\hello-world\project\.metals\bsp.trace.json or C:\Users\dima-\AppData\Local\scalameta\metals\cache\bsp.trace.json
2024.11.07 16:00:50 INFO  Attempting to connect to the build server...
2024.11.07 16:00:50 INFO  Found a Bloop server running
2024.11.07 16:00:50 INFO  Found a Bloop server running
нояб. 07, 2024 4:00:50 PM scala.meta.internal.pc.CompilerAccess handleError
SEVERE: A severe compiler error occurred, full details of the error can be found in the error report C:\Users\dima-\OneDrive\Desktop\Функциональное и логическое программирование\lab1\hello-world\.metals\.reports\metals-full\2024-11-07\r_compiler-error_(hello-world)_16-00-50-631.md
нояб. 07, 2024 4:00:50 PM scala.meta.internal.pc.CompilerAccess handleError
SEVERE: A severe compiler error occurred, full details of the error can be found in the error report C:\Users\dima-\OneDrive\Desktop\Функциональное и логическое программирование\lab1\hello-world\.metals\.reports\metals-full\2024-11-07\r_compiler-error_(hello-world)_16-00-50-649.md
2024.11.07 16:00:50 WARN  Could not find semantic tokens for: file:///C:/Users/dima-/OneDrive/Desktop/Функциональное%20и%20логическое%20программирование/lab1/hello-world/src/main/scala/Main.scala
нояб. 07, 2024 4:00:50 PM scala.meta.internal.pc.CompilerAccess handleError
SEVERE: A severe compiler error occurred, full details of the error can be found in the error report C:\Users\dima-\OneDrive\Desktop\Функциональное и логическое программирование\lab1\hello-world\.metals\.reports\metals-full\2024-11-07\r_compiler-error_(hello-world)_16-00-50-660.md
нояб. 07, 2024 4:00:50 PM scala.meta.internal.pc.CompilerAccess handleError
SEVERE: A severe compiler error occurred, full details of the error can be found in the error report C:\Users\dima-\OneDrive\Desktop\Функциональное и логическое программирование\lab1\hello-world\.metals\.reports\metals-full\2024-11-07\r_compiler-error_(hello-world)_16-00-50-674.md
нояб. 07, 2024 4:00:50 PM scala.meta.internal.pc.CompilerAccess handleError
SEVERE: A severe compiler error occurred, full details of the error can be found in the error report C:\Users\dima-\OneDrive\Desktop\Функциональное и логическое программирование\lab1\hello-world\.metals\.reports\metals-full\2024-11-07\r_compiler-error_(hello-world)_16-00-50-687.md
2024.11.07 16:00:50 INFO  Attempting to connect to the build server...
2024.11.07 16:00:50 INFO  Found a Bloop server running
2024.11.07 16:00:50 INFO  Attempting to connect to the build server...
2024.11.07 16:00:50 INFO  Found a Bloop server running
нояб. 07, 2024 4:00:51 PM scala.meta.internal.pc.CompilerAccess handleError
SEVERE: A severe compiler error occurred, full details of the error can be found in the error report C:\Users\dima-\OneDrive\Desktop\Функциональное и логическое программирование\lab1\hello-world\.metals\.reports\metals-full\2024-11-07\r_compiler-error_(hello-world)_16-00-51-076.md
2024.11.07 16:00:50 WARN  Could not find semantic tokens for: file:///C:/Users/dima-/OneDrive/Desktop/Функциональное%20и%20логическое%20программирование/lab1/hello-world/src/main/scala/Main.scala
2024.11.07 16:00:50 INFO  tracing is disabled for protocol BSP, to enable tracing of incoming and outgoing JSON messages create an empty file at C:\Users\dima-\OneDrive\Desktop\Функциональное и логическое программирование\lab1\hello-world\.metals\bsp.trace.json or C:\Users\dima-\AppData\Local\scalameta\metals\cache\bsp.trace.json
2024.11.07 16:00:50 INFO  tracing is disabled for protocol BSP, to enable tracing of incoming and outgoing JSON messages create an empty file at C:\Users\dima-\OneDrive\Desktop\Функциональное и логическое программирование\lab1\hello-world\project\.metals\bsp.trace.json or C:\Users\dima-\AppData\Local\scalameta\metals\cache\bsp.trace.json
2024.11.07 16:00:50 INFO  time: Connected to build server in 3.86s
2024.11.07 16:00:50 INFO  Connected to Build server: Bloop v2.0.3
2024.11.07 16:00:50 INFO  running doctor check
2024.11.07 16:00:50 INFO  java targets: hello-world, hello-world-build, hello-world-test
2024.11.07 16:00:51 INFO  tracing is disabled for protocol BSP, to enable tracing of incoming and outgoing JSON messages create an empty file at C:\Users\dima-\OneDrive\Desktop\Функциональное и логическое программирование\lab1\hello-world\.metals\bsp.trace.json or C:\Users\dima-\AppData\Local\scalameta\metals\cache\bsp.trace.json
2024.11.07 16:00:51 INFO  Attempting to connect to the build server...
2024.11.07 16:00:51 INFO  Found a Bloop server running
2024.11.07 16:00:51 INFO  tracing is disabled for protocol BSP, to enable tracing of incoming and outgoing JSON messages create an empty file at C:\Users\dima-\OneDrive\Desktop\Функциональное и логическое программирование\lab1\hello-world\.metals\bsp.trace.json or C:\Users\dima-\AppData\Local\scalameta\metals\cache\bsp.trace.json
2024.11.07 16:00:51 INFO  Attempting to connect to the build server...
2024.11.07 16:00:51 INFO  Found a Bloop server running
2024.11.07 16:00:51 INFO  tracing is disabled for protocol BSP, to enable tracing of incoming and outgoing JSON messages create an empty file at C:\Users\dima-\OneDrive\Desktop\Функциональное и логическое программирование\lab1\hello-world\project\.metals\bsp.trace.json or C:\Users\dima-\AppData\Local\scalameta\metals\cache\bsp.trace.json
2024.11.07 16:00:51 INFO  time: Connected to build server in 1.05s
2024.11.07 16:00:51 INFO  Connected to Build server: Bloop v2.0.3
2024.11.07 16:00:51 INFO  running doctor check
2024.11.07 16:00:51 INFO  java targets: hello-world, hello-world-build, hello-world-test
2024.11.07 16:00:51 INFO  tracing is disabled for protocol BSP, to enable tracing of incoming and outgoing JSON messages create an empty file at C:\Users\dima-\OneDrive\Desktop\Функциональное и логическое программирование\lab1\hello-world\project\.metals\bsp.trace.json or C:\Users\dima-\AppData\Local\scalameta\metals\cache\bsp.trace.json
2024.11.07 16:00:51 INFO  time: Connected to build server in 1.06s
2024.11.07 16:00:51 INFO  Connected to Build server: Bloop v2.0.3
2024.11.07 16:00:51 INFO  running doctor check
2024.11.07 16:00:51 INFO  java targets: hello-world, hello-world-build, hello-world-test
2024.11.07 16:00:53 INFO  time: indexed workspace in 2.48s
2024.11.07 16:00:54 INFO  compiling hello-world (1 scala source)
2024.11.07 16:00:54 INFO  time: indexed workspace in 2.54s
2024.11.07 16:00:54 INFO  time: indexed workspace in 2.51s
2024.11.07 16:00:57 INFO  time: compiled hello-world in 3.12s
2024.11.07 16:01:01 INFO  running 'C:\Users\dima-\AppData\Local\Coursier\cache\arc\https\github.com\adoptium\temurin17-binaries\releases\download\jdk-17%252B35\OpenJDK17-jdk_x64_windows_hotspot_17_35.zip\jdk-17+35\bin\java.exe -Djline.terminal=jline.UnsupportedTerminal -Dsbt.log.noformat=true -Dfile.encoding=UTF-8 -jar C:\Users\dima-\AppData\Local\Temp\metals10428877493962874989\sbt-launch.jar -Dbloop.export-jar-classifiers=sources bloopInstall'
2024.11.07 16:01:02 INFO  [info] welcome to sbt 1.10.5 (Eclipse Adoptium Java 17)
2024.11.07 16:01:02 INFO  [info] loading settings for project hello-world-build-build from metals.sbt ...
2024.11.07 16:01:02 INFO  [info] loading project definition from C:\Users\dima-\OneDrive\Desktop\Р¤СѓРЅРєС†РёРѕРЅР°Р»СЊРЅРѕРµ Рё Р»РѕРіРёС‡РµСЃРєРѕРµ РїСЂРѕРіСЂР°РјРјРёСЂРѕРІР°РЅРёРµ\lab1\hello-world\project\project
2024.11.07 16:01:04 INFO  [info] loading settings for project hello-world-build from metals.sbt ...
2024.11.07 16:01:04 INFO  [info] loading project definition from C:\Users\dima-\OneDrive\Desktop\Р¤СѓРЅРєС†РёРѕРЅР°Р»СЊРЅРѕРµ Рё Р»РѕРіРёС‡РµСЃРєРѕРµ РїСЂРѕРіСЂР°РјРјРёСЂРѕРІР°РЅРёРµ\lab1\hello-world\project
2024.11.07 16:01:06 INFO  [success] Generated .bloop\hello-world-build.json
2024.11.07 16:01:06 INFO  [success] Total time: 2 s, completed 7 РЅРѕСЏР±. 2024 Рі., 16:01:06
2024.11.07 16:01:06 INFO  [info] loading settings for project hello-world from build.sbt ...
2024.11.07 16:01:06 INFO  [info] set current project to hello-world (in build file:/C:/Users/dima-/OneDrive/Desktop/Р¤СѓРЅРєС†РёРѕРЅР°Р»СЊРЅРѕРµ%20Рё%20Р»РѕРіРёС‡РµСЃРєРѕРµ%20РїСЂРѕРіСЂР°РјРјРёСЂРѕРІР°РЅРёРµ/lab1/hello-world/)
2024.11.07 16:01:06 INFO  [success] Generated .bloop\hello-world.json
2024.11.07 16:01:06 INFO  [success] Generated .bloop\hello-world-test.json
2024.11.07 16:01:06 INFO  [success] Total time: 0 s, completed 7 РЅРѕСЏР±. 2024 Рі., 16:01:06
2024.11.07 16:01:06 INFO  time: ran 'sbt bloopInstall' in 4.95s
2024.11.07 16:01:06 INFO  Disconnecting from Bloop session...
2024.11.07 16:01:06 INFO  Shut down connection with build server.
2024.11.07 16:01:06 INFO  Shut down connection with build server.
2024.11.07 16:01:06 INFO  Attempting to connect to the build server...
2024.11.07 16:01:06 INFO  Found a Bloop server running
2024.11.07 16:01:06 INFO  tracing is disabled for protocol BSP, to enable tracing of incoming and outgoing JSON messages create an empty file at C:\Users\dima-\OneDrive\Desktop\Функциональное и логическое программирование\lab1\hello-world\.metals\bsp.trace.json or C:\Users\dima-\AppData\Local\scalameta\metals\cache\bsp.trace.json
2024.11.07 16:01:07 INFO  Attempting to connect to the build server...
2024.11.07 16:01:07 INFO  Found a Bloop server running
2024.11.07 16:01:06 INFO  tracing is disabled for protocol BSP, to enable tracing of incoming and outgoing JSON messages create an empty file at C:\Users\dima-\OneDrive\Desktop\Функциональное и логическое программирование\lab1\hello-world\project\.metals\bsp.trace.json or C:\Users\dima-\AppData\Local\scalameta\metals\cache\bsp.trace.json
2024.11.07 16:01:06 INFO  time: Connected to build server in 0.81s
2024.11.07 16:01:06 INFO  Connected to Build server: Bloop v2.0.3
2024.11.07 16:01:06 INFO  running doctor check
2024.11.07 16:01:06 INFO  java targets: hello-world, hello-world-build, hello-world-test
2024.11.07 16:01:09 INFO  time: indexed workspace in 1.49s
2024.11.07 16:01:10 ERROR Timeout waiting for 'build/initialize' response
2024.11.07 16:01:10 WARN  Retrying connection to the build server Bloop
2024.11.07 16:01:10 INFO  Found a Bloop server running
2024.11.07 16:01:10 ERROR Timeout waiting for 'build/initialize' response
2024.11.07 16:01:10 INFO  tracing is disabled for protocol BSP, to enable tracing of incoming and outgoing JSON messages create an empty file at C:\Users\dima-\OneDrive\Desktop\Функциональное и логическое программирование\lab1\hello-world\.metals\bsp.trace.json or C:\Users\dima-\AppData\Local\scalameta\metals\cache\bsp.trace.json
2024.11.07 16:01:10 INFO  Attempting to connect to the build server...
2024.11.07 16:01:10 INFO  Found a Bloop server running
2024.11.07 16:01:11 INFO  tracing is disabled for protocol BSP, to enable tracing of incoming and outgoing JSON messages create an empty file at C:\Users\dima-\OneDrive\Desktop\Функциональное и логическое программирование\lab1\hello-world\project\.metals\bsp.trace.json or C:\Users\dima-\AppData\Local\scalameta\metals\cache\bsp.trace.json
2024.11.07 16:01:10 INFO  time: Connected to build server in 24s
2024.11.07 16:01:10 INFO  Connected to Build server: Bloop v2.0.3
2024.11.07 16:01:11 INFO  running doctor check
2024.11.07 16:01:11 INFO  java targets: hello-world, hello-world-build, hello-world-test
2024.11.07 16:01:12 INFO  time: indexed workspace in 1.46s
2024.11.07 16:01:25 INFO  skipping build import with status 'Installed'
2024.11.07 16:01:25 INFO  Disconnecting from Bloop session...
2024.11.07 16:01:25 INFO  no build target found for C:\Users\dima-\OneDrive\Desktop\Функциональное и логическое программирование\lab1\hello-world\build.sbt. Using presentation compiler with project's scala-library version: 3.3.4
2024.11.07 16:01:25 INFO  Shut down connection with build server.
2024.11.07 16:01:25 INFO  Shut down connection with build server.
2024.11.07 16:01:25 INFO  Attempting to connect to the build server...
2024.11.07 16:01:25 INFO  Found a Bloop server running
2024.11.07 16:01:25 WARN  Could not find semantic tokens for: file:///C:/Users/dima-/OneDrive/Desktop/Функциональное%20и%20логическое%20программирование/lab1/hello-world/build.sbt
2024.11.07 16:01:25 INFO  tracing is disabled for protocol BSP, to enable tracing of incoming and outgoing JSON messages create an empty file at C:\Users\dima-\OneDrive\Desktop\Функциональное и логическое программирование\lab1\hello-world\.metals\bsp.trace.json or C:\Users\dima-\AppData\Local\scalameta\metals\cache\bsp.trace.json
2024.11.07 16:01:25 INFO  Attempting to connect to the build server...
2024.11.07 16:01:25 INFO  Found a Bloop server running
2024.11.07 16:01:26 INFO  tracing is disabled for protocol BSP, to enable tracing of incoming and outgoing JSON messages create an empty file at C:\Users\dima-\OneDrive\Desktop\Функциональное и логическое программирование\lab1\hello-world\project\.metals\bsp.trace.json or C:\Users\dima-\AppData\Local\scalameta\metals\cache\bsp.trace.json
2024.11.07 16:01:25 INFO  time: Connected to build server in 0.82s
2024.11.07 16:01:25 INFO  Connected to Build server: Bloop v2.0.3
2024.11.07 16:01:26 INFO  running doctor check
2024.11.07 16:01:26 INFO  java targets: hello-world, hello-world-build, hello-world-test
2024.11.07 16:01:28 INFO  time: indexed workspace in 1.6s
2024.11.07 16:01:37 INFO  running 'C:\Users\dima-\AppData\Local\Coursier\cache\arc\https\github.com\adoptium\temurin17-binaries\releases\download\jdk-17%252B35\OpenJDK17-jdk_x64_windows_hotspot_17_35.zip\jdk-17+35\bin\java.exe -Djline.terminal=jline.UnsupportedTerminal -Dsbt.log.noformat=true -Dfile.encoding=UTF-8 -jar C:\Users\dima-\AppData\Local\Temp\metals11315194977123226473\sbt-launch.jar -Dbloop.export-jar-classifiers=sources bloopInstall'
2024.11.07 16:01:38 INFO  [info] welcome to sbt 1.10.5 (Eclipse Adoptium Java 17)
2024.11.07 16:01:38 INFO  [info] loading settings for project hello-world-build-build from metals.sbt ...
2024.11.07 16:01:38 INFO  [info] loading project definition from C:\Users\dima-\OneDrive\Desktop\Р¤СѓРЅРєС†РёРѕРЅР°Р»СЊРЅРѕРµ Рё Р»РѕРіРёС‡РµСЃРєРѕРµ РїСЂРѕРіСЂР°РјРјРёСЂРѕРІР°РЅРёРµ\lab1\hello-world\project\project
2024.11.07 16:01:40 INFO  [info] loading settings for project hello-world-build from metals.sbt ...
2024.11.07 16:01:40 INFO  [info] loading project definition from C:\Users\dima-\OneDrive\Desktop\Р¤СѓРЅРєС†РёРѕРЅР°Р»СЊРЅРѕРµ Рё Р»РѕРіРёС‡РµСЃРєРѕРµ РїСЂРѕРіСЂР°РјРјРёСЂРѕРІР°РЅРёРµ\lab1\hello-world\project
2024.11.07 16:01:41 INFO  [success] Generated .bloop\hello-world-build.json
2024.11.07 16:01:41 INFO  [success] Total time: 2 s, completed 7 РЅРѕСЏР±. 2024 Рі., 16:01:42
2024.11.07 16:01:41 INFO  [info] loading settings for project hello-world from build.sbt ...
2024.11.07 16:01:41 INFO  [info] set current project to hello-world (in build file:/C:/Users/dima-/OneDrive/Desktop/Р¤СѓРЅРєС†РёРѕРЅР°Р»СЊРЅРѕРµ%20Рё%20Р»РѕРіРёС‡РµСЃРєРѕРµ%20РїСЂРѕРіСЂР°РјРјРёСЂРѕРІР°РЅРёРµ/lab1/hello-world/)
2024.11.07 16:01:41 INFO  [success] Generated .bloop\hello-world-test.json
2024.11.07 16:01:41 INFO  [success] Generated .bloop\hello-world.json
2024.11.07 16:01:41 INFO  [success] Total time: 0 s, completed 7 РЅРѕСЏР±. 2024 Рі., 16:01:42
2024.11.07 16:01:42 INFO  time: ran 'sbt bloopInstall' in 4.83s
2024.11.07 16:01:42 INFO  Disconnecting from Bloop session...
2024.11.07 16:01:42 INFO  Shut down connection with build server.
2024.11.07 16:01:42 INFO  Shut down connection with build server.
2024.11.07 16:01:42 INFO  Attempting to connect to the build server...
2024.11.07 16:01:42 INFO  Found a Bloop server running
2024.11.07 16:01:43 INFO  tracing is disabled for protocol BSP, to enable tracing of incoming and outgoing JSON messages create an empty file at C:\Users\dima-\OneDrive\Desktop\Функциональное и логическое программирование\lab1\hello-world\.metals\bsp.trace.json or C:\Users\dima-\AppData\Local\scalameta\metals\cache\bsp.trace.json
2024.11.07 16:01:43 INFO  Attempting to connect to the build server...
2024.11.07 16:01:43 INFO  Found a Bloop server running
2024.11.07 16:01:43 INFO  tracing is disabled for protocol BSP, to enable tracing of incoming and outgoing JSON messages create an empty file at C:\Users\dima-\OneDrive\Desktop\Функциональное и логическое программирование\lab1\hello-world\project\.metals\bsp.trace.json or C:\Users\dima-\AppData\Local\scalameta\metals\cache\bsp.trace.json
2024.11.07 16:01:43 INFO  time: Connected to build server in 0.82s
2024.11.07 16:01:43 INFO  Connected to Build server: Bloop v2.0.3
2024.11.07 16:01:43 INFO  running doctor check
2024.11.07 16:01:43 INFO  java targets: hello-world, hello-world-build, hello-world-test
2024.11.07 16:01:44 INFO  time: indexed workspace in 1.47s
2024.11.07 16:07:56 INFO  compiling hello-world (1 scala source)
2024.11.07 16:07:56 INFO  time: compiled hello-world in 0.35s
2024.11.07 16:08:41 INFO  compiling hello-world (1 scala source)
2024.11.07 16:08:41 INFO  time: compiled hello-world in 0.29s
2024.11.07 16:08:45 INFO  compiling hello-world (1 scala source)
2024.11.07 16:08:45 INFO  time: compiled hello-world in 0.23s
2024.11.07 16:56:25 INFO  compiling hello-world (1 scala source)
2024.11.07 16:56:25 INFO  Shutting down server
2024.11.07 16:56:25 INFO  shutting down Metals
2024.11.07 16:56:25 INFO  Shut down connection with build server.
2024.11.07 16:56:25 INFO  Shut down connection with build server.
2024.11.07 16:56:25 INFO  Cancelling compilation on Bloop server
2024.11.07 16:56:25 INFO  Exiting server
